1. ERROR :	l0,	id = 16, 	expected = 0x0,  		actual = 0x10e0 (mask=0xffffffff) (cpu-id=0)
2. ERROR :	l1,	id = 17, 	expected = 0x0,  		actual = 0x30 (mask=0xffffffff) (cpu-id=0)
3. ERROR :	l2,	id = 18, 	expected = 0x0,  		actual = 0x34 (mask=0xffffffff) (cpu-id=0)
4. ERROR :	l3,	id = 19, 	expected = 0x0,  		actual = 0x46263dec (mask=0xffffffff) (cpu-id=0)
5. ERROR :	l4,	id = 20, 	expected = 0x0,  		actual = 0x260d8c4a (mask=0xffffffff) (cpu-id=0)
6. ERROR :	l5,	id = 21, 	expected = 0x0,  		actual = 0x73d4d3c4 (mask=0xffffffff) (cpu-id=0)
7. ERROR :	i0,	id = 24, 	expected = 0x0,  		actual = 0x40000198 (mask=0xffffffff) (cpu-id=0)
8. ERROR :	i1,	id = 25, 	expected = 0x0,  		actual = 0x4039999a (mask=0xffffffff) (cpu-id=0)
9. ERROR :	i2,	id = 26, 	expected = 0x0,  		actual = 0x40000008 (mask=0xffffffff) (cpu-id=0)
10. ERROR :	i3,	id = 27, 	expected = 0x0,  		actual = 0x1 (mask=0xffffffff) (cpu-id=0)
11. ERROR :	i4,	id = 28, 	expected = 0x0,  		actual = 0x40000198 (mask=0xffffffff) (cpu-id=0)
12. ERROR :	i5,	id = 29, 	expected = 0x0,  		actual = 0x1 (mask=0xffffffff) (cpu-id=0)
13. ERROR : 	mem,	mem_asi = 0xa,	expected = 0xa,  		actual = 0x4039999a, 		addr = 0x40000000 (mask=0xffffffff)
14. ERROR : 	mem,	mem_asi = 0xa,	expected = 0xa,  		actual = 0x0, 		addr = 0x40000004 (mask=0xffffffff)
15. ERROR : 	mem,	mem_asi = 0xa,	expected = 0xa,  		actual = 0xc01565a4, 		addr = 0x40000008 (mask=0xffffffff)
16. ERROR : 	mem,	mem_asi = 0xa,	expected = 0xa,  		actual = 0x40aa8103, 		addr = 0x4000000c (mask=0xffffffff)
17. ERROR : 	mem,	mem_asi = 0xa,	expected = 0xa,  		actual = 0xc0d2c2a6, 		addr = 0x40000010 (mask=0xffffffff)
18. ERROR : 	mem,	mem_asi = 0xa,	expected = 0xa,  		actual = 0x3ee2c89e, 		addr = 0x40000014 (mask=0xffffffff)
19. ERROR : 	mem,	mem_asi = 0xa,	expected = 0xa,  		actual = 0xc0f511a2, 		addr = 0x40000018 (mask=0xffffffff)
20. ERROR : 	mem,	mem_asi = 0xa,	expected = 0xa,  		actual = 0x40cffc04, 		addr = 0x4000001c (mask=0xffffffff)
21. ERROR : 	mem,	mem_asi = 0xa,	expected = 0xa,  		actual = 0xc0d1a0fb, 		addr = 0x40000020 (mask=0xffffffff)
22. ERROR : 	mem,	mem_asi = 0xa,	expected = 0xa,  		actual = 0x4118fed0, 		addr = 0x40000024 (mask=0xffffffff)
23. ERROR : 	mem,	mem_asi = 0xa,	expected = 0xa,  		actual = 0xc10bdcd3, 		addr = 0x40000028 (mask=0xffffffff)
24. ERROR : 	mem,	mem_asi = 0xa,	expected = 0xa,  		actual = 0xc0d373bd, 		addr = 0x4000002c (mask=0xffffffff)
25. ERROR : 	mem,	mem_asi = 0xa,	expected = 0xa,  		actual = 0xc11a5df7, 		addr = 0x40000030 (mask=0xffffffff)
26. ERROR : 	mem,	mem_asi = 0xa,	expected = 0xa,  		actual = 0x3e152865, 		addr = 0x40000034 (mask=0xffffffff)
27. ERROR : 	mem,	mem_asi = 0xa,	expected = 0xa,  		actual = 0xc0ce3a9e, 		addr = 0x40000038 (mask=0xffffffff)
28. ERROR : 	mem,	mem_asi = 0xa,	expected = 0xa,  		actual = 0x3f9fd775, 		addr = 0x4000003c (mask=0xffffffff)
29. ERROR : 	mem,	mem_asi = 0xa,	expected = 0xa,  		actual = 0x0, 		addr = 0xffffffe8 (mask=0xffffffff)
30. ERROR : 	mem,	mem_asi = 0xa,	expected = 0xa,  		actual = 0x0, 		addr = 0xffffffec (mask=0xffffffff)
31. ERROR : 	mem,	mem_asi = 0xa,	expected = 0xa,  		actual = 0x0, 		addr = 0xfffffff0 (mask=0xffffffff)
32. ERROR : 	mem,	mem_asi = 0xa,	expected = 0xa,  		actual = 0x0, 		addr = 0xfffffff4 (mask=0xffffffff)
33. ERROR : 	mem,	mem_asi = 0xa,	expected = 0xa,  		actual = 0x0, 		addr = 0xfffffff8 (mask=0xffffffff)
34. ERROR : 	mem,	mem_asi = 0xa,	expected = 0xa,  		actual = 0x0, 		addr = 0xfffffffc (mask=0xffffffff)
35. ERROR : 	mem,	mem_asi = 0xa,	expected = 0xa,  		actual = 0x0, 		addr = 0xfffffe78 (mask=0xffffffff)
36. ERROR : 	mem,	mem_asi = 0xa,	expected = 0xa,  		actual = 0x0, 		addr = 0xfffffe7c (mask=0xffffffff)
37. ERROR :	f0,	id = 32, 	expected = 0x0,  		actual = 0x40eb85b1 (mask=0xffffffff) (cpu-id=0)
38. ERROR :	f1,	id = 33, 	expected = 0x0,  		actual = 0x4104d472 (mask=0xffffffff) (cpu-id=0)
39. ERROR :	f2,	id = 34, 	expected = 0x0,  		actual = 0xc10b61e7 (mask=0xffffffff) (cpu-id=0)
40. ERROR :	f3,	id = 35, 	expected = 0x0,  		actual = 0xc11d8cc5 (mask=0xffffffff) (cpu-id=0)
41. ERROR :	f4,	id = 36, 	expected = 0x0,  		actual = 0xc080f07d (mask=0xffffffff) (cpu-id=0)
42. ERROR :	f5,	id = 37, 	expected = 0x0,  		actual = 0x40c2bfb0 (mask=0xffffffff) (cpu-id=0)
43. ERROR :	f6,	id = 38, 	expected = 0x0,  		actual = 0xc0169d87 (mask=0xffffffff) (cpu-id=0)
44. ERROR :	f7,	id = 39, 	expected = 0x0,  		actual = 0xc04ecbd3 (mask=0xffffffff) (cpu-id=0)
45. ERROR :	f8,	id = 40, 	expected = 0x0,  		actual = 0xc13af64f (mask=0xffffffff) (cpu-id=0)
46. ERROR :	f9,	id = 41, 	expected = 0x0,  		actual = 0x418d3160 (mask=0xffffffff) (cpu-id=0)
47. ERROR :	f10,	id = 42, 	expected = 0x0,  		actual = 0x4039999a (mask=0xffffffff) (cpu-id=0)
48. ERROR :	f11,	id = 43, 	expected = 0x0,  		actual = 0x4039999a (mask=0xffffffff) (cpu-id=0)
49. ERROR :	f12,	id = 44, 	expected = 0x0,  		actual = 0x414a1ff3 (mask=0xffffffff) (cpu-id=0)
50. ERROR :	f13,	id = 45, 	expected = 0x0,  		actual = 0x4163a821 (mask=0xffffffff) (cpu-id=0)
