1. ERROR :	l0,	id = 16, 	expected = 0x0,  		actual = 0x10e0 (mask=0xffffffff) (cpu-id=0)
2. ERROR :	l1,	id = 17, 	expected = 0x0,  		actual = 0x30 (mask=0xffffffff) (cpu-id=0)
3. ERROR :	l2,	id = 18, 	expected = 0x0,  		actual = 0x34 (mask=0xffffffff) (cpu-id=0)
4. ERROR :	l3,	id = 19, 	expected = 0x0,  		actual = 0x46263dec (mask=0xffffffff) (cpu-id=0)
5. ERROR :	l4,	id = 20, 	expected = 0x0,  		actual = 0x260d8c4a (mask=0xffffffff) (cpu-id=0)
6. ERROR :	l5,	id = 21, 	expected = 0x0,  		actual = 0x73d4d3c4 (mask=0xffffffff) (cpu-id=0)
7. ERROR :	l6,	id = 22, 	expected = 0x0,  		actual = 0x746f2e30 (mask=0xffffffff) (cpu-id=0)
8. ERROR :	l7,	id = 23, 	expected = 0x0,  		actual = 0x6fde8af6 (mask=0xffffffff) (cpu-id=0)
9. correct :	g0,	id = 0, 	expected = 0x0,  		actual = 0x0 (mask=0xffffffff) (cpu-id=0)
10. ERROR :	g1,	id = 1, 	expected = 0x0,  		actual = 0xfffff6f0 (mask=0xffffffff) (cpu-id=0)
11. ERROR :	g2,	id = 2, 	expected = 0x0,  		actual = 0x2d (mask=0xffffffff) (cpu-id=0)
12. ERROR :	g3,	id = 3, 	expected = 0x0,  		actual = 0xffff77d8 (mask=0xffffffff) (cpu-id=0)
13. ERROR :	g4,	id = 4, 	expected = 0x0,  		actual = 0x885e1b (mask=0xffffffff) (cpu-id=0)
14. ERROR :	g5,	id = 5, 	expected = 0x0,  		actual = 0x76272110 (mask=0xffffffff) (cpu-id=0)
15. ERROR :	g6,	id = 6, 	expected = 0x0,  		actual = 0xff (mask=0xffffffff) (cpu-id=0)
16. ERROR :	g7,	id = 7, 	expected = 0x0,  		actual = 0x133 (mask=0xffffffff) (cpu-id=0)
17. ERROR :	i0,	id = 24, 	expected = 0x0,  		actual = 0xfffff6f0 (mask=0xffffffff) (cpu-id=0)
18. ERROR :	i1,	id = 25, 	expected = 0x0,  		actual = 0x3222e7cd (mask=0xffffffff) (cpu-id=0)
19. ERROR :	i2,	id = 26, 	expected = 0x0,  		actual = 0x74de0ee3 (mask=0xffffffff) (cpu-id=0)
20. ERROR :	i3,	id = 27, 	expected = 0x0,  		actual = 0x68ebc550 (mask=0xffffffff) (cpu-id=0)
21. ERROR :	i4,	id = 28, 	expected = 0x0,  		actual = 0x2df6d648 (mask=0xffffffff) (cpu-id=0)
22. ERROR :	i5,	id = 29, 	expected = 0x0,  		actual = 0x46b7d447 (mask=0xffffffff) (cpu-id=0)
23. ERROR :	o0,	id = 8, 	expected = 0x0,  		actual = 0xfffff6f0 (mask=0xffffffff) (cpu-id=0)
24. ERROR :	o1,	id = 9, 	expected = 0x0,  		actual = 0x30 (mask=0xffffffff) (cpu-id=0)
25. ERROR :	o2,	id = 10, 	expected = 0x0,  		actual = 0x40000000 (mask=0xffffffff) (cpu-id=0)
26. ERROR :	o3,	id = 11, 	expected = 0x0,  		actual = 0x40000900 (mask=0xffffffff) (cpu-id=0)
27. ERROR :	o4,	id = 12, 	expected = 0x0,  		actual = 0xfffff6f0 (mask=0xffffffff) (cpu-id=0)
28. ERROR :	o5,	id = 13, 	expected = 0x0,  		actual = 0x631b64d4 (mask=0xffffffff) (cpu-id=0)
29. ERROR : 	mem,	mem_asi = 0xa,	expected = 0xa,  		actual = 0x5d0f363f, 		addr = 0x40000000 (mask=0xffffffff)
30. ERROR : 	mem,	mem_asi = 0xa,	expected = 0xa,  		actual = 0x2c185643, 		addr = 0x40000004 (mask=0xffffffff)
31. ERROR : 	mem,	mem_asi = 0xa,	expected = 0xa,  		actual = 0x26095f0e, 		addr = 0x40000008 (mask=0xffffffff)
32. ERROR : 	mem,	mem_asi = 0xa,	expected = 0xa,  		actual = 0x21315358, 		addr = 0x4000000c (mask=0xffffffff)
33. ERROR : 	mem,	mem_asi = 0xa,	expected = 0xa,  		actual = 0x56273d3f, 		addr = 0x40000010 (mask=0xffffffff)
34. ERROR : 	mem,	mem_asi = 0xa,	expected = 0xa,  		actual = 0x2c575a53, 		addr = 0x40000014 (mask=0xffffffff)
35. ERROR : 	mem,	mem_asi = 0xa,	expected = 0xa,  		actual = 0x1c2f4762, 		addr = 0x40000018 (mask=0xffffffff)
36. ERROR : 	mem,	mem_asi = 0xa,	expected = 0xa,  		actual = 0x63c1d34, 		addr = 0x4000001c (mask=0xffffffff)
37. ERROR : 	mem,	mem_asi = 0xa,	expected = 0xa,  		actual = 0x5c143634, 		addr = 0x40000020 (mask=0xffffffff)
38. ERROR : 	mem,	mem_asi = 0xa,	expected = 0xa,  		actual = 0x2e03360a, 		addr = 0x40000024 (mask=0xffffffff)
39. ERROR : 	mem,	mem_asi = 0xa,	expected = 0xa,  		actual = 0x14090501, 		addr = 0x40000028 (mask=0xffffffff)
40. ERROR : 	mem,	mem_asi = 0xa,	expected = 0xa,  		actual = 0x303f2026, 		addr = 0x4000002c (mask=0xffffffff)
41. ERROR : 	mem,	mem_asi = 0xa,	expected = 0xa,  		actual = 0x540c5e19, 		addr = 0x40000030 (mask=0xffffffff)
42. ERROR : 	mem,	mem_asi = 0xa,	expected = 0xa,  		actual = 0x564e274d, 		addr = 0x40000034 (mask=0xffffffff)
43. ERROR : 	mem,	mem_asi = 0xa,	expected = 0xa,  		actual = 0x1113385b, 		addr = 0x40000038 (mask=0xffffffff)
44. ERROR : 	mem,	mem_asi = 0xa,	expected = 0xa,  		actual = 0x4c02275f, 		addr = 0x4000003c (mask=0xffffffff)
45. ERROR : 	mem,	mem_asi = 0xa,	expected = 0xa,  		actual = 0x0, 		addr = 0xffffffa0 (mask=0xffffffff)
46. ERROR : 	mem,	mem_asi = 0xa,	expected = 0xa,  		actual = 0x0, 		addr = 0xffffffa4 (mask=0xffffffff)
47. ERROR : 	mem,	mem_asi = 0xa,	expected = 0xa,  		actual = 0x0, 		addr = 0xffffffa8 (mask=0xffffffff)
48. ERROR : 	mem,	mem_asi = 0xa,	expected = 0xa,  		actual = 0x0, 		addr = 0xffffffac (mask=0xffffffff)
49. ERROR : 	mem,	mem_asi = 0xa,	expected = 0xa,  		actual = 0x0, 		addr = 0xffffff60 (mask=0xffffffff)
50. ERROR : 	mem,	mem_asi = 0xa,	expected = 0xa,  		actual = 0x0, 		addr = 0xffffff64 (mask=0xffffffff)
51. ERROR : 	mem,	mem_asi = 0xa,	expected = 0xa,  		actual = 0x0, 		addr = 0xffffff68 (mask=0xffffffff)
52. ERROR : 	mem,	mem_asi = 0xa,	expected = 0xa,  		actual = 0x0, 		addr = 0xffffff6c (mask=0xffffffff)
53. ERROR : 	mem,	mem_asi = 0xa,	expected = 0xa,  		actual = 0x0, 		addr = 0xffffffa8 (mask=0xffffffff)
54. ERROR : 	mem,	mem_asi = 0xa,	expected = 0xa,  		actual = 0x0, 		addr = 0xffffffac (mask=0xffffffff)
55. ERROR : 	mem,	mem_asi = 0xa,	expected = 0xa,  		actual = 0x40000000, 		addr = 0xfffffff4 (mask=0xffffffff)
56. ERROR : 	mem,	mem_asi = 0xa,	expected = 0xa,  		actual = 0x30, 		addr = 0xfffffff8 (mask=0xffffffff)
57. ERROR : 	mem,	mem_asi = 0xa,	expected = 0xa,  		actual = 0x30, 		addr = 0xfffffffc (mask=0xffffffff)
58. ERROR :	f0,	id = 32, 	expected = 0x0,  		actual = 0x3fc32e20 (mask=0xffffffff) (cpu-id=0)
59. ERROR :	f1,	id = 33, 	expected = 0x0,  		actual = 0x49c0e823 (mask=0xffffffff) (cpu-id=0)
60. ERROR :	f2,	id = 34, 	expected = 0x0,  		actual = 0x14d53685 (mask=0xffffffff) (cpu-id=0)
61. ERROR :	f3,	id = 35, 	expected = 0x0,  		actual = 0x230f856c (mask=0xffffffff) (cpu-id=0)
62. ERROR :	f4,	id = 36, 	expected = 0x0,  		actual = 0x6eaa85fb (mask=0xffffffff) (cpu-id=0)
63. ERROR :	f5,	id = 37, 	expected = 0x0,  		actual = 0x3f06ecb2 (mask=0xffffffff) (cpu-id=0)
64. ERROR :	f6,	id = 38, 	expected = 0x0,  		actual = 0x3b594807 (mask=0xffffffff) (cpu-id=0)
65. ERROR :	f7,	id = 39, 	expected = 0x0,  		actual = 0x6caa2304 (mask=0xffffffff) (cpu-id=0)
66. ERROR :	f8,	id = 40, 	expected = 0x0,  		actual = 0x3f7c2ff4 (mask=0xffffffff) (cpu-id=0)
67. ERROR :	f9,	id = 41, 	expected = 0x0,  		actual = 0x25413bec (mask=0xffffffff) (cpu-id=0)
68. ERROR :	f10,	id = 42, 	expected = 0x0,  		actual = 0x17180b0b (mask=0xffffffff) (cpu-id=0)
69. ERROR :	f11,	id = 43, 	expected = 0x0,  		actual = 0x579328b9 (mask=0xffffffff) (cpu-id=0)
70. ERROR :	f12,	id = 44, 	expected = 0x0,  		actual = 0x5d205e20 (mask=0xffffffff) (cpu-id=0)
71. ERROR :	f13,	id = 45, 	expected = 0x0,  		actual = 0x11cca8ba (mask=0xffffffff) (cpu-id=0)
