1. ERROR :	l0,	id = 16, 	expected = 0x0,  		actual = 0x5a72bdde (mask=0xffffffff) (cpu-id=0)
2. ERROR :	l1,	id = 17, 	expected = 0x0,  		actual = 0x30 (mask=0xffffffff) (cpu-id=0)
3. ERROR :	l2,	id = 18, 	expected = 0x0,  		actual = 0x34 (mask=0xffffffff) (cpu-id=0)
4. ERROR :	l3,	id = 19, 	expected = 0x0,  		actual = 0xf629ccdb (mask=0xffffffff) (cpu-id=0)
5. ERROR :	l4,	id = 20, 	expected = 0x0,  		actual = 0x3030303 (mask=0xffffffff) (cpu-id=0)
6. ERROR :	l5,	id = 21, 	expected = 0x0,  		actual = 0x3030303 (mask=0xffffffff) (cpu-id=0)
7. ERROR :	i0,	id = 24, 	expected = 0x0,  		actual = 0x400003e8 (mask=0xffffffff) (cpu-id=0)
8. ERROR :	i1,	id = 25, 	expected = 0x0,  		actual = 0x3 (mask=0xffffffff) (cpu-id=0)
9. ERROR :	i2,	id = 26, 	expected = 0x0,  		actual = 0x40000000 (mask=0xffffffff) (cpu-id=0)
10. ERROR :	i3,	id = 27, 	expected = 0x0,  		actual = 0x1 (mask=0xffffffff) (cpu-id=0)
11. ERROR :	i4,	id = 28, 	expected = 0x0,  		actual = 0x400003e8 (mask=0xffffffff) (cpu-id=0)
12. ERROR :	i5,	id = 29, 	expected = 0x0,  		actual = 0x1 (mask=0xffffffff) (cpu-id=0)
13. ERROR : 	mem,	mem_asi = 0xa,	expected = 0xa,  		actual = 0x56454f40, 		addr = 0x40000000 (mask=0xffffffff)
14. ERROR : 	mem,	mem_asi = 0xa,	expected = 0xa,  		actual = 0x45152c60, 		addr = 0x40000004 (mask=0xffffffff)
15. ERROR : 	mem,	mem_asi = 0xa,	expected = 0xa,  		actual = 0x613d400d, 		addr = 0x40000008 (mask=0xffffffff)
16. ERROR : 	mem,	mem_asi = 0xa,	expected = 0xa,  		actual = 0x42310b08, 		addr = 0x4000000c (mask=0xffffffff)
17. ERROR : 	mem,	mem_asi = 0xa,	expected = 0xa,  		actual = 0x3234534d, 		addr = 0x40000010 (mask=0xffffffff)
18. ERROR : 	mem,	mem_asi = 0xa,	expected = 0xa,  		actual = 0x36481102, 		addr = 0x40000014 (mask=0xffffffff)
19. ERROR : 	mem,	mem_asi = 0xa,	expected = 0xa,  		actual = 0x43195b4b, 		addr = 0x40000018 (mask=0xffffffff)
20. ERROR : 	mem,	mem_asi = 0xa,	expected = 0xa,  		actual = 0x525b4208, 		addr = 0x4000001c (mask=0xffffffff)
21. ERROR : 	mem,	mem_asi = 0xa,	expected = 0xa,  		actual = 0x1a044a3b, 		addr = 0x40000020 (mask=0xffffffff)
22. ERROR : 	mem,	mem_asi = 0xa,	expected = 0xa,  		actual = 0xc3b1508, 		addr = 0x40000024 (mask=0xffffffff)
23. ERROR : 	mem,	mem_asi = 0xa,	expected = 0xa,  		actual = 0xb172f09, 		addr = 0x40000028 (mask=0xffffffff)
24. ERROR : 	mem,	mem_asi = 0xa,	expected = 0xa,  		actual = 0x5f5b2057, 		addr = 0x4000002c (mask=0xffffffff)
25. ERROR : 	mem,	mem_asi = 0xa,	expected = 0xa,  		actual = 0x1d350a06, 		addr = 0x40000030 (mask=0xffffffff)
26. ERROR : 	mem,	mem_asi = 0xa,	expected = 0xa,  		actual = 0x5146014e, 		addr = 0x40000034 (mask=0xffffffff)
27. ERROR : 	mem,	mem_asi = 0xa,	expected = 0xa,  		actual = 0x3e393d37, 		addr = 0x40000038 (mask=0xffffffff)
28. ERROR : 	mem,	mem_asi = 0xa,	expected = 0xa,  		actual = 0x3111a1f, 		addr = 0x4000003c (mask=0xffffffff)
29. ERROR : 	mem,	mem_asi = 0xa,	expected = 0xa,  		actual = 0x52e014e, 		addr = 0x400000c8 (mask=0xffffffff)
30. ERROR : 	mem,	mem_asi = 0xa,	expected = 0xa,  		actual = 0x1d1d0ee6, 		addr = 0x400003e8 (mask=0xffffffff)
31. ERROR : 	mem,	mem_asi = 0xa,	expected = 0xa,  		actual = 0xf162a858, 		addr = 0x400003ec (mask=0xffffffff)
32. ERROR : 	mem,	mem_asi = 0xa,	expected = 0xa,  		actual = 0x6473d15, 		addr = 0x400000d4 (mask=0xffffffff)
33. ERROR : 	mem,	mem_asi = 0xa,	expected = 0xa,  		actual = 0x18003d23, 		addr = 0x400000d8 (mask=0xffffffff)
34. ERROR : 	mem,	mem_asi = 0xa,	expected = 0xa,  		actual = 0x31e1d48, 		addr = 0x400000dc (mask=0xffffffff)
35. ERROR : 	mem,	mem_asi = 0xa,	expected = 0xa,  		actual = 0x0, 		addr = 0xfffffff0 (mask=0xffffffff)
36. ERROR : 	mem,	mem_asi = 0xa,	expected = 0xa,  		actual = 0x0, 		addr = 0xfffffff4 (mask=0xffffffff)
37. ERROR : 	mem,	mem_asi = 0xa,	expected = 0xa,  		actual = 0x0, 		addr = 0xfffffff8 (mask=0xffffffff)
38. ERROR : 	mem,	mem_asi = 0xa,	expected = 0xa,  		actual = 0x0, 		addr = 0xfffffffc (mask=0xffffffff)
39. ERROR : 	mem,	mem_asi = 0xa,	expected = 0xa,  		actual = 0x0, 		addr = 0xffffff38 (mask=0xffffffff)
40. ERROR : 	mem,	mem_asi = 0xa,	expected = 0xa,  		actual = 0x0, 		addr = 0xffffff3c (mask=0xffffffff)
41. ERROR : 	mem,	mem_asi = 0xa,	expected = 0xa,  		actual = 0x0, 		addr = 0xffffff40 (mask=0xffffffff)
42. ERROR : 	mem,	mem_asi = 0xa,	expected = 0xa,  		actual = 0x0, 		addr = 0xffffff44 (mask=0xffffffff)
43. ERROR : 	mem,	mem_asi = 0xa,	expected = 0xa,  		actual = 0x0, 		addr = 0xffffff48 (mask=0xffffffff)
44. ERROR : 	mem,	mem_asi = 0xa,	expected = 0xa,  		actual = 0x0, 		addr = 0xffffff4c (mask=0xffffffff)
45. ERROR : 	mem,	mem_asi = 0xa,	expected = 0xa,  		actual = 0x0, 		addr = 0xfffffe74 (mask=0xffffffff)
46. ERROR : 	mem,	mem_asi = 0xa,	expected = 0xa,  		actual = 0x0, 		addr = 0xfffffe78 (mask=0xffffffff)
47. ERROR : 	mem,	mem_asi = 0xa,	expected = 0xa,  		actual = 0x0, 		addr = 0xfffffe7c (mask=0xffffffff)
48. ERROR :	f0,	id = 32, 	expected = 0x0,  		actual = 0x3fc32e20 (mask=0xffffffff) (cpu-id=0)
49. ERROR :	f1,	id = 33, 	expected = 0x0,  		actual = 0x49c0e823 (mask=0xffffffff) (cpu-id=0)
50. ERROR :	f2,	id = 34, 	expected = 0x0,  		actual = 0x14d53685 (mask=0xffffffff) (cpu-id=0)
51. ERROR :	f3,	id = 35, 	expected = 0x0,  		actual = 0x230f856c (mask=0xffffffff) (cpu-id=0)
52. ERROR :	f4,	id = 36, 	expected = 0x0,  		actual = 0x6eaa85fb (mask=0xffffffff) (cpu-id=0)
53. ERROR :	f5,	id = 37, 	expected = 0x0,  		actual = 0x3f06ecb2 (mask=0xffffffff) (cpu-id=0)
54. ERROR :	f6,	id = 38, 	expected = 0x0,  		actual = 0x3b594807 (mask=0xffffffff) (cpu-id=0)
55. ERROR :	f7,	id = 39, 	expected = 0x0,  		actual = 0x6caa2304 (mask=0xffffffff) (cpu-id=0)
56. ERROR :	f8,	id = 40, 	expected = 0x0,  		actual = 0x3f7c2ff4 (mask=0xffffffff) (cpu-id=0)
57. ERROR :	f9,	id = 41, 	expected = 0x0,  		actual = 0x25413bec (mask=0xffffffff) (cpu-id=0)
58. ERROR :	f10,	id = 42, 	expected = 0x0,  		actual = 0x17180b0b (mask=0xffffffff) (cpu-id=0)
59. ERROR :	f11,	id = 43, 	expected = 0x0,  		actual = 0x579328b9 (mask=0xffffffff) (cpu-id=0)
60. ERROR :	f12,	id = 44, 	expected = 0x0,  		actual = 0x5d205e20 (mask=0xffffffff) (cpu-id=0)
61. ERROR :	f13,	id = 45, 	expected = 0x0,  		actual = 0x11cca8ba (mask=0xffffffff) (cpu-id=0)
