1. ERROR :	o2,	id = 10, 	expected = 0x0,  		actual = 0xf819e7f (mask=0xffffffff) (cpu-id=0)
2. ERROR :	o3,	id = 11, 	expected = 0x0,  		actual = 0x57c7d42d (mask=0xffffffff) (cpu-id=0)
3. correct :	g0,	id = 0, 	expected = 0x0,  		actual = 0x0 (mask=0xffffffff) (cpu-id=0)
4. ERROR :	g1,	id = 1, 	expected = 0x0,  		actual = 0x3e8 (mask=0xffffffff) (cpu-id=0)
5. correct :	g2,	id = 2, 	expected = 0x0,  		actual = 0x0 (mask=0xffffffff) (cpu-id=0)
6. correct :	g3,	id = 3, 	expected = 0x0,  		actual = 0x0 (mask=0xffffffff) (cpu-id=0)
7. correct :	g4,	id = 4, 	expected = 0x0,  		actual = 0x0 (mask=0xffffffff) (cpu-id=0)
8. ERROR :	g5,	id = 5, 	expected = 0x0,  		actual = 0x76272110 (mask=0xffffffff) (cpu-id=0)
9. ERROR :	g6,	id = 6, 	expected = 0x0,  		actual = 0x4c04a8af (mask=0xffffffff) (cpu-id=0)
10. ERROR :	g7,	id = 7, 	expected = 0x0,  		actual = 0x1716703b (mask=0xffffffff) (cpu-id=0)
11. correct :	i0,	id = 24, 	expected = 0x0,  		actual = 0x0 (mask=0xffffffff) (cpu-id=0)
12. ERROR :	i3,	id = 27, 	expected = 0x0,  		actual = 0x68ebc550 (mask=0xffffffff) (cpu-id=0)
13. ERROR :	i4,	id = 28, 	expected = 0x0,  		actual = 0x2df6d648 (mask=0xffffffff) (cpu-id=0)
14. correct :	i5,	id = 29, 	expected = 0x0,  		actual = 0x0 (mask=0xffffffff) (cpu-id=0)
15. ERROR : 	mem,	mem_asi = 0xa,	expected = 0xa,  		actual = 0x0, 		addr = 0x40000000 (mask=0xffffffff)
16. ERROR : 	mem,	mem_asi = 0xa,	expected = 0xa,  		actual = 0x0, 		addr = 0x40000004 (mask=0xffffffff)
17. ERROR : 	mem,	mem_asi = 0xa,	expected = 0xa,  		actual = 0x0, 		addr = 0x40000008 (mask=0xffffffff)
18. ERROR : 	mem,	mem_asi = 0xa,	expected = 0xa,  		actual = 0x0, 		addr = 0x4000000c (mask=0xffffffff)
19. ERROR : 	mem,	mem_asi = 0xa,	expected = 0xa,  		actual = 0x0, 		addr = 0x40000010 (mask=0xffffffff)
20. ERROR : 	mem,	mem_asi = 0xa,	expected = 0xa,  		actual = 0x0, 		addr = 0x40000014 (mask=0xffffffff)
21. ERROR : 	mem,	mem_asi = 0xa,	expected = 0xa,  		actual = 0x0, 		addr = 0x40000018 (mask=0xffffffff)
22. ERROR : 	mem,	mem_asi = 0xa,	expected = 0xa,  		actual = 0x0, 		addr = 0x4000001c (mask=0xffffffff)
23. ERROR : 	mem,	mem_asi = 0xa,	expected = 0xa,  		actual = 0x0, 		addr = 0x40000020 (mask=0xffffffff)
24. ERROR : 	mem,	mem_asi = 0xa,	expected = 0xa,  		actual = 0x0, 		addr = 0x40000024 (mask=0xffffffff)
25. ERROR : 	mem,	mem_asi = 0xa,	expected = 0xa,  		actual = 0x0, 		addr = 0x40000028 (mask=0xffffffff)
26. ERROR : 	mem,	mem_asi = 0xa,	expected = 0xa,  		actual = 0x0, 		addr = 0x4000002c (mask=0xffffffff)
27. ERROR : 	mem,	mem_asi = 0xa,	expected = 0xa,  		actual = 0x0, 		addr = 0x40000030 (mask=0xffffffff)
28. ERROR : 	mem,	mem_asi = 0xa,	expected = 0xa,  		actual = 0x0, 		addr = 0x40000034 (mask=0xffffffff)
29. ERROR : 	mem,	mem_asi = 0xa,	expected = 0xa,  		actual = 0x0, 		addr = 0x40000038 (mask=0xffffffff)
30. ERROR : 	mem,	mem_asi = 0xa,	expected = 0xa,  		actual = 0x0, 		addr = 0x4000003c (mask=0xffffffff)
31. ERROR :	f0,	id = 32, 	expected = 0x0,  		actual = 0x3fc32e20 (mask=0xffffffff) (cpu-id=0)
32. ERROR :	f1,	id = 33, 	expected = 0x0,  		actual = 0x49c0e823 (mask=0xffffffff) (cpu-id=0)
33. ERROR :	f2,	id = 34, 	expected = 0x0,  		actual = 0x14d53685 (mask=0xffffffff) (cpu-id=0)
34. ERROR :	f3,	id = 35, 	expected = 0x0,  		actual = 0x230f856c (mask=0xffffffff) (cpu-id=0)
35. ERROR :	f4,	id = 36, 	expected = 0x0,  		actual = 0x6eaa85fb (mask=0xffffffff) (cpu-id=0)
36. ERROR :	f5,	id = 37, 	expected = 0x0,  		actual = 0x3f06ecb2 (mask=0xffffffff) (cpu-id=0)
37. ERROR :	f6,	id = 38, 	expected = 0x0,  		actual = 0x3b594807 (mask=0xffffffff) (cpu-id=0)
38. ERROR :	f7,	id = 39, 	expected = 0x0,  		actual = 0x6caa2304 (mask=0xffffffff) (cpu-id=0)
39. ERROR :	f8,	id = 40, 	expected = 0x0,  		actual = 0x3f7c2ff4 (mask=0xffffffff) (cpu-id=0)
40. ERROR :	f9,	id = 41, 	expected = 0x0,  		actual = 0x25413bec (mask=0xffffffff) (cpu-id=0)
41. ERROR :	f10,	id = 42, 	expected = 0x0,  		actual = 0x17180b0b (mask=0xffffffff) (cpu-id=0)
42. ERROR :	f11,	id = 43, 	expected = 0x0,  		actual = 0x579328b9 (mask=0xffffffff) (cpu-id=0)
43. ERROR :	f12,	id = 44, 	expected = 0x0,  		actual = 0x5d205e20 (mask=0xffffffff) (cpu-id=0)
44. ERROR :	f13,	id = 45, 	expected = 0x0,  		actual = 0x11cca8ba (mask=0xffffffff) (cpu-id=0)
