1. ERROR :	g4,	id = 4, 	expected = 0x0,  		actual = 0xffffffec (mask=0xffffffff) (cpu-id=0)
2. ERROR :	l0,	id = 16, 	expected = 0x0,  		actual = 0x10e0 (mask=0xffffffff) (cpu-id=0)
3. ERROR :	l1,	id = 17, 	expected = 0x0,  		actual = 0x30 (mask=0xffffffff) (cpu-id=0)
4. ERROR :	l2,	id = 18, 	expected = 0x0,  		actual = 0x34 (mask=0xffffffff) (cpu-id=0)
5. ERROR :	l3,	id = 19, 	expected = 0x0,  		actual = 0x46263dec (mask=0xffffffff) (cpu-id=0)
6. ERROR :	l4,	id = 20, 	expected = 0x0,  		actual = 0x260d8c4a (mask=0xffffffff) (cpu-id=0)
7. ERROR :	l5,	id = 21, 	expected = 0x0,  		actual = 0x73d4d3c4 (mask=0xffffffff) (cpu-id=0)
8. ERROR :	i0,	id = 24, 	expected = 0x0,  		actual = 0xffffffec (mask=0xffffffff) (cpu-id=0)
9. ERROR :	i1,	id = 25, 	expected = 0x0,  		actual = 0x3222e7cd (mask=0xffffffff) (cpu-id=0)
10. ERROR :	i2,	id = 26, 	expected = 0x0,  		actual = 0x74de0ee3 (mask=0xffffffff) (cpu-id=0)
11. ERROR :	i3,	id = 27, 	expected = 0x0,  		actual = 0x68ebc550 (mask=0xffffffff) (cpu-id=0)
12. ERROR :	i4,	id = 28, 	expected = 0x0,  		actual = 0x2df6d648 (mask=0xffffffff) (cpu-id=0)
13. ERROR :	i5,	id = 29, 	expected = 0x0,  		actual = 0x46b7d447 (mask=0xffffffff) (cpu-id=0)
14. ERROR : 	mem,	mem_asi = 0xa,	expected = 0xa,  		actual = 0x1, 		addr = 0xffffffd8 (mask=0xffffffff)
15. ERROR : 	mem,	mem_asi = 0xa,	expected = 0xa,  		actual = 0x0, 		addr = 0xffffffdc (mask=0xffffffff)
16. ERROR : 	mem,	mem_asi = 0xa,	expected = 0xa,  		actual = 0x0, 		addr = 0xffffffe8 (mask=0xffffffff)
17. ERROR : 	mem,	mem_asi = 0xa,	expected = 0xa,  		actual = 0x0, 		addr = 0xffffffea (mask=0xffffffff)
18. ERROR : 	mem,	mem_asi = 0xa,	expected = 0xa,  		actual = 0xc801f4, 		addr = 0xffffffec (mask=0xffffffff)
19. ERROR : 	mem,	mem_asi = 0xa,	expected = 0xa,  		actual = 0xc801f4, 		addr = 0xffffffee (mask=0xffffffff)
20. ERROR : 	mem,	mem_asi = 0xa,	expected = 0xa,  		actual = 0x27100320, 		addr = 0xfffffff0 (mask=0xffffffff)
21. ERROR : 	mem,	mem_asi = 0xa,	expected = 0xa,  		actual = 0x27100320, 		addr = 0xfffffff2 (mask=0xffffffff)
22. ERROR : 	mem,	mem_asi = 0xa,	expected = 0xa,  		actual = 0x1900064, 		addr = 0xfffffff4 (mask=0xffffffff)
23. ERROR : 	mem,	mem_asi = 0xa,	expected = 0xa,  		actual = 0x1900064, 		addr = 0xfffffff6 (mask=0xffffffff)
24. ERROR : 	mem,	mem_asi = 0xa,	expected = 0xa,  		actual = 0x1, 		addr = 0xfffffff8 (mask=0xffffffff)
25. correct : 	mem,	mem_asi = 0xa,	expected = 0x0,  		actual = 0x0, 		addr = 0x40000000 (mask=0xffffffff)
26. correct : 	mem,	mem_asi = 0xa,	expected = 0x0,  		actual = 0x0, 		addr = 0x40000004 (mask=0xffffffff)
27. correct : 	mem,	mem_asi = 0xa,	expected = 0x0,  		actual = 0x0, 		addr = 0x40000008 (mask=0xffffffff)
28. correct : 	mem,	mem_asi = 0xa,	expected = 0x0,  		actual = 0x0, 		addr = 0x400000a (mask=0xffffffff)
29. correct : 	mem,	mem_asi = 0xa,	expected = 0x0,  		actual = 0x0, 		addr = 0x400000c (mask=0xffffffff)
30. correct : 	mem,	mem_asi = 0xa,	expected = 0x0,  		actual = 0x0, 		addr = 0x40000012 (mask=0xffffffff)
31. correct : 	mem,	mem_asi = 0xa,	expected = 0x0,  		actual = 0x0, 		addr = 0x40000014 (mask=0xffffffff)
32. ERROR : 	mem,	mem_asi = 0xa,	expected = 0xa,  		actual = 0x0, 		addr = 0x40000012 (mask=0xffffffff)
33. ERROR : 	mem,	mem_asi = 0xa,	expected = 0xa,  		actual = 0x0, 		addr = 0x40000014 (mask=0xffffffff)
34. ERROR : 	mem,	mem_asi = 0xa,	expected = 0xa,  		actual = 0x0, 		addr = 0x40000018 (mask=0xffffffff)
35. ERROR : 	mem,	mem_asi = 0xa,	expected = 0xa,  		actual = 0x0, 		addr = 0x40000024 (mask=0xffffffff)
36. ERROR : 	mem,	mem_asi = 0xa,	expected = 0xa,  		actual = 0x0, 		addr = 0x40000028 (mask=0xffffffff)
37. ERROR : 	mem,	mem_asi = 0xa,	expected = 0xa,  		actual = 0x0, 		addr = 0x4000002c (mask=0xffffffff)
38. ERROR : 	mem,	mem_asi = 0xa,	expected = 0xa,  		actual = 0x0, 		addr = 0x40000030 (mask=0xffffffff)
39. ERROR : 	mem,	mem_asi = 0xa,	expected = 0xa,  		actual = 0x0, 		addr = 0x40000034 (mask=0xffffffff)
40. ERROR : 	mem,	mem_asi = 0xa,	expected = 0xa,  		actual = 0x0, 		addr = 0x40000038 (mask=0xffffffff)
41. ERROR : 	mem,	mem_asi = 0xa,	expected = 0xa,  		actual = 0x0, 		addr = 0x4000003c (mask=0xffffffff)
42. ERROR :	f0,	id = 32, 	expected = 0x0,  		actual = 0x3fc32e20 (mask=0xffffffff) (cpu-id=0)
43. ERROR :	f1,	id = 33, 	expected = 0x0,  		actual = 0x49c0e823 (mask=0xffffffff) (cpu-id=0)
44. ERROR :	f2,	id = 34, 	expected = 0x0,  		actual = 0x14d53685 (mask=0xffffffff) (cpu-id=0)
45. ERROR :	f3,	id = 35, 	expected = 0x0,  		actual = 0x230f856c (mask=0xffffffff) (cpu-id=0)
46. ERROR :	f4,	id = 36, 	expected = 0x0,  		actual = 0x6eaa85fb (mask=0xffffffff) (cpu-id=0)
47. ERROR :	f5,	id = 37, 	expected = 0x0,  		actual = 0x3f06ecb2 (mask=0xffffffff) (cpu-id=0)
48. ERROR :	f6,	id = 38, 	expected = 0x0,  		actual = 0x3b594807 (mask=0xffffffff) (cpu-id=0)
49. ERROR :	f7,	id = 39, 	expected = 0x0,  		actual = 0x6caa2304 (mask=0xffffffff) (cpu-id=0)
50. ERROR :	f8,	id = 40, 	expected = 0x0,  		actual = 0x3f7c2ff4 (mask=0xffffffff) (cpu-id=0)
51. ERROR :	f9,	id = 41, 	expected = 0x0,  		actual = 0x25413bec (mask=0xffffffff) (cpu-id=0)
52. ERROR :	f10,	id = 42, 	expected = 0x0,  		actual = 0x17180b0b (mask=0xffffffff) (cpu-id=0)
53. ERROR :	f11,	id = 43, 	expected = 0x0,  		actual = 0x579328b9 (mask=0xffffffff) (cpu-id=0)
54. ERROR :	f12,	id = 44, 	expected = 0x0,  		actual = 0x5d205e20 (mask=0xffffffff) (cpu-id=0)
55. ERROR :	f13,	id = 45, 	expected = 0x0,  		actual = 0x11cca8ba (mask=0xffffffff) (cpu-id=0)
