1. ERROR :	l0,	id = 16, 	expected = 0x0,  		actual = 0x10e0 (mask=0xffffffff) (cpu-id=0)
2. ERROR :	l1,	id = 17, 	expected = 0x0,  		actual = 0x30 (mask=0xffffffff) (cpu-id=0)
3. ERROR :	l2,	id = 18, 	expected = 0x0,  		actual = 0x34 (mask=0xffffffff) (cpu-id=0)
4. ERROR :	l3,	id = 19, 	expected = 0x0,  		actual = 0x46263dec (mask=0xffffffff) (cpu-id=0)
5. ERROR :	l4,	id = 20, 	expected = 0x0,  		actual = 0x260d8c4a (mask=0xffffffff) (cpu-id=0)
6. ERROR :	l5,	id = 21, 	expected = 0x0,  		actual = 0x73d4d3c4 (mask=0xffffffff) (cpu-id=0)
7. ERROR :	i1,	id = 25, 	expected = 0x0,  		actual = 0x3222e7cd (mask=0xffffffff) (cpu-id=0)
8. ERROR :	i2,	id = 26, 	expected = 0x0,  		actual = 0x74de0ee3 (mask=0xffffffff) (cpu-id=0)
9. ERROR :	i3,	id = 27, 	expected = 0x0,  		actual = 0x68ebc550 (mask=0xffffffff) (cpu-id=0)
10. ERROR :	i4,	id = 28, 	expected = 0x0,  		actual = 0x2df6d648 (mask=0xffffffff) (cpu-id=0)
11. ERROR :	i5,	id = 29, 	expected = 0x0,  		actual = 0x46b7d447 (mask=0xffffffff) (cpu-id=0)
12. ERROR : 	mem,	mem_asi = 0xa,	expected = 0xa,  		actual = 0x3f800000, 		addr = 0x40000000 (mask=0xffffffff)
13. ERROR : 	mem,	mem_asi = 0xa,	expected = 0xa,  		actual = 0x40000000, 		addr = 0x40000004 (mask=0xffffffff)
14. ERROR : 	mem,	mem_asi = 0xa,	expected = 0xa,  		actual = 0x40400000, 		addr = 0x40000008 (mask=0xffffffff)
15. ERROR : 	mem,	mem_asi = 0xa,	expected = 0xa,  		actual = 0x40800000, 		addr = 0x4000000c (mask=0xffffffff)
16. ERROR : 	mem,	mem_asi = 0xa,	expected = 0xa,  		actual = 0x40a00000, 		addr = 0x40000010 (mask=0xffffffff)
17. ERROR : 	mem,	mem_asi = 0xa,	expected = 0xa,  		actual = 0x40066666, 		addr = 0x40000014 (mask=0xffffffff)
18. ERROR : 	mem,	mem_asi = 0xa,	expected = 0xa,  		actual = 0x0, 		addr = 0x40000018 (mask=0xffffffff)
19. ERROR : 	mem,	mem_asi = 0xa,	expected = 0xa,  		actual = 0x0, 		addr = 0x4000001c (mask=0xffffffff)
20. ERROR : 	mem,	mem_asi = 0xa,	expected = 0xa,  		actual = 0x5, 		addr = 0x40000020 (mask=0xffffffff)
21. ERROR : 	mem,	mem_asi = 0xa,	expected = 0xa,  		actual = 0x5, 		addr = 0x40000024 (mask=0xffffffff)
22. ERROR : 	mem,	mem_asi = 0xa,	expected = 0xa,  		actual = 0x5, 		addr = 0x40000028 (mask=0xffffffff)
23. ERROR : 	mem,	mem_asi = 0xa,	expected = 0xa,  		actual = 0x5, 		addr = 0x4000002c (mask=0xffffffff)
24. ERROR : 	mem,	mem_asi = 0xa,	expected = 0xa,  		actual = 0x5, 		addr = 0x40000030 (mask=0xffffffff)
25. ERROR : 	mem,	mem_asi = 0xa,	expected = 0xa,  		actual = 0x0, 		addr = 0x40000034 (mask=0xffffffff)
26. ERROR : 	mem,	mem_asi = 0xa,	expected = 0xa,  		actual = 0x0, 		addr = 0x40000038 (mask=0xffffffff)
27. ERROR : 	mem,	mem_asi = 0xa,	expected = 0xa,  		actual = 0x0, 		addr = 0x4000003c (mask=0xffffffff)
28. ERROR :	f0,	id = 32, 	expected = 0x0,  		actual = 0x40a00000 (mask=0xffffffff) (cpu-id=0)
29. ERROR :	f1,	id = 33, 	expected = 0x0,  		actual = 0x1 (mask=0xffffffff) (cpu-id=0)
30. ERROR :	f2,	id = 34, 	expected = 0x0,  		actual = 0x40066666 (mask=0xffffffff) (cpu-id=0)
31. correct :	f3,	id = 35, 	expected = 0x0,  		actual = 0x0 (mask=0xffffffff) (cpu-id=0)
32. ERROR :	f4,	id = 36, 	expected = 0x0,  		actual = 0x41280000 (mask=0xffffffff) (cpu-id=0)
33. correct :	f5,	id = 37, 	expected = 0x0,  		actual = 0x0 (mask=0xffffffff) (cpu-id=0)
34. ERROR :	f6,	id = 38, 	expected = 0x0,  		actual = 0x41280000 (mask=0xffffffff) (cpu-id=0)
35. ERROR :	f7,	id = 39, 	expected = 0x0,  		actual = 0x42026666 (mask=0xffffffff) (cpu-id=0)
36. ERROR :	f8,	id = 40, 	expected = 0x0,  		actual = 0x40066666 (mask=0xffffffff) (cpu-id=0)
